t:\visual studio projects\galicaprotoue4\engine\x64\debug\main.obj
t:\visual studio projects\galicaprotoue4\engine\x64\debug\mainwindow.obj
t:\visual studio projects\galicaprotoue4\engine\x64\debug\dxerr.obj
t:\visual studio projects\galicaprotoue4\engine\x64\debug\keyboard.obj
t:\visual studio projects\galicaprotoue4\engine\x64\debug\game.obj
t:\visual studio projects\galicaprotoue4\engine\x64\debug\graphics.obj
t:\visual studio projects\galicaprotoue4\engine\x64\debug\mouse.obj
t:\visual studio projects\galicaprotoue4\engine\x64\debug\vc141.pdb
t:\visual studio projects\galicaprotoue4\engine\x64\debug\texture.obj
t:\visual studio projects\galicaprotoue4\engine\x64\debug\vc141.idb
t:\visual studio projects\galicaprotoue4\engine\framebufferps.shh
t:\visual studio projects\galicaprotoue4\engine\framebuffervs.shh
t:\visual studio projects\galicaprotoue4\x64\debug\engine.exe
t:\visual studio projects\galicaprotoue4\x64\debug\engine.ilk
t:\visual studio projects\galicaprotoue4\x64\debug\engine.pdb
t:\visual studio projects\galicaprotoue4\engine\x64\debug\resource.res
t:\visual studio projects\galicaprotoue4\engine\x64\debug\engine.tlog\cl.command.1.tlog
t:\visual studio projects\galicaprotoue4\engine\x64\debug\engine.tlog\cl.read.1.tlog
t:\visual studio projects\galicaprotoue4\engine\x64\debug\engine.tlog\cl.write.1.tlog
t:\visual studio projects\galicaprotoue4\engine\x64\debug\engine.tlog\engine.write.1u.tlog
t:\visual studio projects\galicaprotoue4\engine\x64\debug\engine.tlog\fxc.command.1.tlog
t:\visual studio projects\galicaprotoue4\engine\x64\debug\engine.tlog\fxc.read.1.tlog
t:\visual studio projects\galicaprotoue4\engine\x64\debug\engine.tlog\fxc.write.1.tlog
t:\visual studio projects\galicaprotoue4\engine\x64\debug\engine.tlog\link.command.1.tlog
t:\visual studio projects\galicaprotoue4\engine\x64\debug\engine.tlog\link.read.1.tlog
t:\visual studio projects\galicaprotoue4\engine\x64\debug\engine.tlog\link.write.1.tlog
t:\visual studio projects\galicaprotoue4\engine\x64\debug\engine.tlog\rc.command.1.tlog
t:\visual studio projects\galicaprotoue4\engine\x64\debug\engine.tlog\rc.read.1.tlog
t:\visual studio projects\galicaprotoue4\engine\x64\debug\engine.tlog\rc.write.1.tlog
